<?xml version="1.0" encoding="UTF-8"?>
<!-- Generated by org.testng.reporters.JUnitXMLReporter -->
<testsuite ignored="0" hostname="DESKTOP-3RJO6BK" failures="0" tests="2" name="Default test" time="18.534" errors="0" timestamp="2024-03-07T12:35:59 IST">
  <testcase classname="com.inetBanking.TestCases.TC_LoginTest_001" name="loginPageValidationTest" time="0.019"/>
  <testcase classname="com.inetBanking.TestCases.TC_LoginTest_001" name="userCredentialsLoginTest" time="1.47"/>
</testsuite> <!-- Default test -->
