<?xml version="1.0" encoding="UTF-8"?>
<!-- Generated by org.testng.reporters.JUnitXMLReporter -->
<testsuite ignored="0" hostname="DESKTOP-3RJO6BK" failures="0" tests="3" name="iBanking LoginPage Test" time="47.081" errors="0" timestamp="2024-03-15T14:31:56 IST">
  <testcase classname="com.inetBanking.TestCases.TC_LoginTest_001" name="loginPageValidationTest" time="0.082"/>
  <testcase classname="com.inetBanking.TestCases.TC_LoginTest_001" name="userCredentialsLoginTest" time="2.414"/>
  <testcase classname="com.inetBanking.TestCases.TC_LoginTestDDT_002" name="loginTestDataDriven" time="7.538"/>
</testsuite> <!-- iBanking LoginPage Test -->
