<?xml version="1.0" encoding="UTF-8"?>
<testng-results ignored="0" total="3" passed="3" failed="0" skipped="0">
  <reporter-output>
  </reporter-output>
  <suite started-at="2024-03-15T14:31:09 IST" name="iBanking WebApplication Test" finished-at="2024-03-15T14:31:56 IST" duration-ms="47081">
    <groups>
    </groups>
    <test started-at="2024-03-15T14:31:09 IST" name="iBanking LoginPage Test" finished-at="2024-03-15T14:31:56 IST" duration-ms="47081">
      <class name="com.inetBanking.TestCases.TC_LoginTestDDT_002">
        <test-method is-config="true" signature="setUp(java.lang.String)[pri:0, instance:com.inetBanking.TestCases.TC_LoginTestDDT_002@4748a0f9]" started-at="2024-03-15T14:31:32 IST" name="setUp" finished-at="2024-03-15T14:31:48 IST" duration-ms="16623" status="PASS">
          <params>
            <param index="0">
              <value>
                <![CDATA[chrome]]>
              </value>
            </param>
          </params>
          <reporter-output>
          </reporter-output>
        </test-method> <!-- setUp -->
        <test-method signature="loginTestDataDriven()[pri:1, instance:com.inetBanking.TestCases.TC_LoginTestDDT_002@4748a0f9]" started-at="2024-03-15T14:31:48 IST" name="loginTestDataDriven" finished-at="2024-03-15T14:31:56 IST" duration-ms="7538" status="PASS">
          <reporter-output>
          </reporter-output>
        </test-method> <!-- loginTestDataDriven -->
      </class> <!-- com.inetBanking.TestCases.TC_LoginTestDDT_002 -->
      <class name="com.inetBanking.TestCases.TC_LoginTest_001">
        <test-method is-config="true" signature="setUp(java.lang.String)[pri:0, instance:com.inetBanking.TestCases.TC_LoginTest_001@74bada02]" started-at="2024-03-15T14:31:09 IST" name="setUp" finished-at="2024-03-15T14:31:29 IST" duration-ms="20114" status="PASS">
          <params>
            <param index="0">
              <value>
                <![CDATA[chrome]]>
              </value>
            </param>
          </params>
          <reporter-output>
          </reporter-output>
        </test-method> <!-- setUp -->
        <test-method signature="loginPageValidationTest()[pri:1, instance:com.inetBanking.TestCases.TC_LoginTest_001@74bada02]" started-at="2024-03-15T14:31:29 IST" name="loginPageValidationTest" finished-at="2024-03-15T14:31:29 IST" duration-ms="82" status="PASS">
          <reporter-output>
          </reporter-output>
        </test-method> <!-- loginPageValidationTest -->
        <test-method signature="userCredentialsLoginTest()[pri:2, instance:com.inetBanking.TestCases.TC_LoginTest_001@74bada02]" started-at="2024-03-15T14:31:29 IST" name="userCredentialsLoginTest" finished-at="2024-03-15T14:31:32 IST" duration-ms="2414" status="PASS">
          <reporter-output>
          </reporter-output>
        </test-method> <!-- userCredentialsLoginTest -->
      </class> <!-- com.inetBanking.TestCases.TC_LoginTest_001 -->
    </test> <!-- iBanking LoginPage Test -->
  </suite> <!-- iBanking WebApplication Test -->
</testng-results>
